
  .   ____          _            __ _ _
 /\\ / ___'_ __ _ _(_)_ __  __ _ \ \ \ \
( ( )\___ | '_ | '_| | '_ \/ _` | \ \ \ \
 \\/  ___)| |_)| | | | | || (_| |  ) ) ) )
  '  |____| .__|_| |_|_| |_\__, | / / / /
 =========|_|==============|___/=/_/_/_/

 :: Spring Boot ::                (v3.3.8)

2026-04-12T19:41:17.518+08:00  INFO 30532 --- [ManagementPlatform] [           main] c.s.m.ManagementPlatformApplication      : Starting ManagementPlatformApplication v0.0.1-SNAPSHOT using Java 17.0.10 with PID 30532 (D:\GraduationProject\Code\backend-service\ManagementPlatform\target\ManagementPlatform-0.0.1-SNAPSHOT.jar started by żÉ°®Äó in D:\GraduationProject\Code\backend-service\ManagementPlatform)
2026-04-12T19:41:17.525+08:00  INFO 30532 --- [ManagementPlatform] [           main] c.s.m.ManagementPlatformApplication      : No active profile set, falling back to 1 default profile: "default"
2026-04-12T19:41:24.899+08:00  INFO 30532 --- [ManagementPlatform] [           main] o.s.b.w.embedded.tomcat.TomcatWebServer  : Tomcat initialized with port 8080 (http)
2026-04-12T19:41:24.928+08:00  INFO 30532 --- [ManagementPlatform] [           main] o.a.catalina.core.AprLifecycleListener   : An older version [1.2.39] of the Apache Tomcat Native library is installed, while Tomcat recommends a minimum version of [2.0.5]
2026-04-12T19:41:24.930+08:00  INFO 30532 --- [ManagementPlatform] [           main] o.a.catalina.core.AprLifecycleListener   : Loaded Apache Tomcat Native library [1.2.39] using APR version [1.7.4].
2026-04-12T19:41:24.960+08:00  INFO 30532 --- [ManagementPlatform] [           main] o.a.catalina.core.AprLifecycleListener   : OpenSSL successfully initialized [OpenSSL 3.0.11 19 Sep 2023]
2026-04-12T19:41:25.029+08:00  INFO 30532 --- [ManagementPlatform] [           main] o.apache.catalina.core.StandardService   : Starting service [Tomcat]
2026-04-12T19:41:25.030+08:00  INFO 30532 --- [ManagementPlatform] [           main] o.apache.catalina.core.StandardEngine    : Starting Servlet engine: [Apache Tomcat/10.1.34]
2026-04-12T19:41:25.325+08:00  INFO 30532 --- [ManagementPlatform] [           main] o.a.c.c.C.[Tomcat].[localhost].[/]       : Initializing Spring embedded WebApplicationContext
2026-04-12T19:41:25.333+08:00  INFO 30532 --- [ManagementPlatform] [           main] w.s.c.ServletWebServerApplicationContext : Root WebApplicationContext: initialization completed in 7667 ms
 _ _   |_  _ _|_. ___ _ |    _ 
| | |\/|_)(_| | |_\  |_)||_|_\ 
     /               |         
                        3.5.14 
2026-04-12T19:41:27.962+08:00  INFO 30532 --- [ManagementPlatform] [           main] com.zaxxer.hikari.HikariDataSource       : HikariPool-1 - Starting...
2026-04-12T19:41:29.062+08:00  INFO 30532 --- [ManagementPlatform] [           main] com.zaxxer.hikari.pool.HikariPool        : HikariPool-1 - Added connection com.mysql.cj.jdbc.ConnectionImpl@6e0d16a4
2026-04-12T19:41:29.067+08:00  INFO 30532 --- [ManagementPlatform] [           main] com.zaxxer.hikari.HikariDataSource       : HikariPool-1 - Start completed.
2026-04-12T19:41:33.001+08:00  INFO 30532 --- [ManagementPlatform] [           main] r$InitializeUserDetailsManagerConfigurer : Global AuthenticationManager configured with UserDetailsService bean with name databaseUserDetailsService
2026-04-12T19:41:36.084+08:00  INFO 30532 --- [ManagementPlatform] [           main] m.e.s.MybatisPlusApplicationContextAware : Register ApplicationContext instances org.springframework.boot.web.servlet.context.AnnotationConfigServletWebServerApplicationContext@53251a66
2026-04-12T19:41:38.907+08:00  INFO 30532 --- [ManagementPlatform] [           main] o.s.b.w.embedded.tomcat.TomcatWebServer  : Tomcat started on port 8080 (http) with context path '/'
2026-04-12T19:41:39.027+08:00  INFO 30532 --- [ManagementPlatform] [           main] c.s.m.ManagementPlatformApplication      : Started ManagementPlatformApplication in 22.951 seconds (process running for 24.968)
2026-04-12T19:41:39.735+08:00  INFO 30532 --- [ManagementPlatform] [nio-8080-exec-2] o.a.c.c.C.[Tomcat].[localhost].[/]       : Initializing Spring DispatcherServlet 'dispatcherServlet'
2026-04-12T19:41:39.736+08:00  INFO 30532 --- [ManagementPlatform] [nio-8080-exec-2] o.s.web.servlet.DispatcherServlet        : Initializing Servlet 'dispatcherServlet'
2026-04-12T19:41:39.738+08:00  INFO 30532 --- [ManagementPlatform] [nio-8080-exec-2] o.s.web.servlet.DispatcherServlet        : Completed initialization in 2 ms
2026-04-12T20:08:11.293+08:00  WARN 30532 --- [ManagementPlatform] [l-1 housekeeper] com.zaxxer.hikari.pool.HikariPool        : HikariPool-1 - Thread starvation or clock leap detected (housekeeper delta=1m11s776ms23?s400ns).
